Build started 5/21/2016 11:47:33 AM.
     1>Project "E:\DATA\Study\social network\Coding\BAO CAO\Source Code\Keyplayers_GUI\Keyplayers_GUI\Keyplayers_GUI.vcxproj" on node 2 (build target(s)).
     1>InitializeBuildStatus:
         Creating "Debug\Keyplayers_GUI.unsuccessfulbuild" because "AlwaysCreate" was specified.
       ClCompile:
         All outputs are up-to-date.
         C:\Program Files (x86)\Microsoft Visual Studio 10.0\VC\bin\CL.exe /c /ZI /nologo /W3 /WX- /Od /Oy- /D WIN32 /D _WINDOWS /D _DEBUG /D _UNICODE /D UNICODE /Gm /EHsc /RTC1 /MTd /GS /fp:precise /Zc:wchar_t /Zc:forScope /Yu"StdAfx.h" /Fp"Debug\Keyplayers_GUI.pch" /Fo"Debug\\" /Fd"Debug\vc100.pdb" /Gd /TP /analyze- /errorReport:prompt Keyplayers_GUIDlg.cpp
         Keyplayers_GUIDlg.cpp
     1>e:\data\study\social network\coding\bao cao\source code\keyplayers_gui\keyplayers_gui\keyplayers_guidlg.cpp(389): warning C4244: '=' : conversion from 'double' to 'float', possible loss of data
     1>e:\data\study\social network\coding\bao cao\source code\keyplayers_gui\keyplayers_gui\keyplayers_guidlg.cpp(393): warning C4244: '=' : conversion from 'int' to 'float', possible loss of data
     1>e:\data\study\social network\coding\bao cao\source code\keyplayers_gui\keyplayers_gui\keyplayers_guidlg.cpp(572): warning C4244: 'argument' : conversion from 'double' to 'float', possible loss of data
     1>e:\data\study\social network\coding\bao cao\source code\keyplayers_gui\keyplayers_gui\keyplayers_guidlg.cpp(577): warning C4244: '+=' : conversion from 'double' to 'float', possible loss of data
     1>e:\data\study\social network\coding\bao cao\source code\keyplayers_gui\keyplayers_gui\keyplayers_guidlg.cpp(599): warning C4244: 'argument' : conversion from 'double' to 'float', possible loss of data
     1>e:\data\study\social network\coding\bao cao\source code\keyplayers_gui\keyplayers_gui\keyplayers_guidlg.cpp(628): warning C4996: 'ctime': This function or variable may be unsafe. Consider using ctime_s instead. To disable deprecation, use _CRT_SECURE_NO_WARNINGS. See online help for details.
                 c:\program files (x86)\microsoft visual studio 10.0\vc\include\time.inl(86) : see declaration of 'ctime'
     1>e:\data\study\social network\coding\bao cao\source code\keyplayers_gui\keyplayers_gui\keyplayers_guidlg.cpp(634): warning C4244: '=' : conversion from 'double' to 'float', possible loss of data
     1>e:\data\study\social network\coding\bao cao\source code\keyplayers_gui\keyplayers_gui\keyplayers_guidlg.cpp(679): warning C4996: 'ctime': This function or variable may be unsafe. Consider using ctime_s instead. To disable deprecation, use _CRT_SECURE_NO_WARNINGS. See online help for details.
                 c:\program files (x86)\microsoft visual studio 10.0\vc\include\time.inl(86) : see declaration of 'ctime'
     1>e:\data\study\social network\coding\bao cao\source code\keyplayers_gui\keyplayers_gui\keyplayers_guidlg.cpp(743): warning C4996: 'ctime': This function or variable may be unsafe. Consider using ctime_s instead. To disable deprecation, use _CRT_SECURE_NO_WARNINGS. See online help for details.
                 c:\program files (x86)\microsoft visual studio 10.0\vc\include\time.inl(86) : see declaration of 'ctime'
     1>e:\data\study\social network\coding\bao cao\source code\keyplayers_gui\keyplayers_gui\keyplayers_guidlg.cpp(747): warning C4244: '=' : conversion from 'double' to 'float', possible loss of data
     1>e:\data\study\social network\coding\bao cao\source code\keyplayers_gui\keyplayers_gui\keyplayers_guidlg.cpp(795): warning C4996: 'ctime': This function or variable may be unsafe. Consider using ctime_s instead. To disable deprecation, use _CRT_SECURE_NO_WARNINGS. See online help for details.
                 c:\program files (x86)\microsoft visual studio 10.0\vc\include\time.inl(86) : see declaration of 'ctime'
       ResourceCompile:
         All outputs are up-to-date.
       ManifestResourceCompile:
         All outputs are up-to-date.
       Link:
         C:\Program Files (x86)\Microsoft Visual Studio 10.0\VC\bin\link.exe /ERRORREPORT:PROMPT /OUT:"E:\DATA\Study\social network\Coding\BAO CAO\Source Code\Keyplayers_GUI\Debug\Keyplayers_GUI.exe" /INCREMENTAL /NOLOGO /MANIFEST /ManifestFile:"Debug\Keyplayers_GUI.exe.intermediate.manifest" /MANIFESTUAC:"level='asInvoker' uiAccess='false'" /DEBUG /PDB:"E:\DATA\Study\social network\Coding\BAO CAO\Source Code\Keyplayers_GUI\Debug\Keyplayers_GUI.pdb" /SUBSYSTEM:WINDOWS /TLBID:1 /ENTRY:"wWinMainCRTStartup" /DYNAMICBASE /NXCOMPAT /IMPLIB:"E:\DATA\Study\social network\Coding\BAO CAO\Source Code\Keyplayers_GUI\Debug\Keyplayers_GUI.lib" /MACHINE:X86 Debug\Keyplayers_GUI.res
         Debug\Keyplayers_GUI.exe.embed.manifest.res
         Debug\Keyplayers_GUI.obj
         Debug\Keyplayers_GUIDlg.obj
         Debug\stdafx.obj
       Manifest:
         C:\Program Files (x86)\Microsoft SDKs\Windows\v7.0A\bin\mt.exe /nologo /verbose /out:"Debug\Keyplayers_GUI.exe.embed.manifest" /manifest Debug\Keyplayers_GUI.exe.intermediate.manifest "C:\Program Files (x86)\Microsoft Visual Studio 10.0\VC\Include\Manifest\dpiaware.manifest"
         All outputs are up-to-date.
       LinkEmbedManifest:
         All outputs are up-to-date.
         Keyplayers_GUI.vcxproj -> E:\DATA\Study\social network\Coding\BAO CAO\Source Code\Keyplayers_GUI\Debug\Keyplayers_GUI.exe
       FinalizeBuildStatus:
         Deleting file "Debug\Keyplayers_GUI.unsuccessfulbuild".
         Touching "Debug\Keyplayers_GUI.lastbuildstate".
     1>Done Building Project "E:\DATA\Study\social network\Coding\BAO CAO\Source Code\Keyplayers_GUI\Keyplayers_GUI\Keyplayers_GUI.vcxproj" (build target(s)).

Build succeeded.

Time Elapsed 00:00:06.48
