Build started 5/21/2016 11:51:23 AM.
     1>Project "E:\DATA\Study\social network\Coding\BAO CAO\Source Code\Keyplayers_GUI\Keyplayers_GUI\Keyplayers_GUI.vcxproj" on node 2 (build target(s)).
     1>PrepareForBuild:
         Creating directory "E:\DATA\Study\social network\Coding\BAO CAO\Source Code\Keyplayers_GUI\Release\".
       InitializeBuildStatus:
         Creating "Release\Keyplayers_GUI.unsuccessfulbuild" because "AlwaysCreate" was specified.
       ClCompile:
         C:\Program Files (x86)\Microsoft Visual Studio 10.0\VC\bin\CL.exe /c /Zi /nologo /W3 /WX- /O2 /Oi /Oy- /GL /D WIN32 /D _WINDOWS /D NDEBUG /D _UNICODE /D UNICODE /Gm- /EHsc /MT /GS /Gy /fp:precise /Zc:wchar_t /Zc:forScope /Yc"StdAfx.h" /Fp"Release\Keyplayers_GUI.pch" /Fo"Release\\" /Fd"Release\vc100.pdb" /Gd /TP /analyze- /errorReport:prompt stdafx.cpp
         stdafx.cpp
         C:\Program Files (x86)\Microsoft Visual Studio 10.0\VC\bin\CL.exe /c /Zi /nologo /W3 /WX- /O2 /Oi /Oy- /GL /D WIN32 /D _WINDOWS /D NDEBUG /D _UNICODE /D UNICODE /Gm- /EHsc /MT /GS /Gy /fp:precise /Zc:wchar_t /Zc:forScope /Yu"StdAfx.h" /Fp"Release\Keyplayers_GUI.pch" /Fo"Release\\" /Fd"Release\vc100.pdb" /Gd /TP /analyze- /errorReport:prompt Keyplayers_GUI.cpp Keyplayers_GUIDlg.cpp
         Keyplayers_GUI.cpp
         Keyplayers_GUIDlg.cpp
     1>Keyplayers_GUIDlg.cpp(389): warning C4244: '=' : conversion from 'double' to 'float', possible loss of data
     1>Keyplayers_GUIDlg.cpp(393): warning C4244: '=' : conversion from 'int' to 'float', possible loss of data
     1>Keyplayers_GUIDlg.cpp(572): warning C4244: 'argument' : conversion from 'double' to 'float', possible loss of data
     1>Keyplayers_GUIDlg.cpp(577): warning C4244: '+=' : conversion from 'double' to 'float', possible loss of data
     1>Keyplayers_GUIDlg.cpp(599): warning C4244: 'argument' : conversion from 'double' to 'float', possible loss of data
     1>Keyplayers_GUIDlg.cpp(628): warning C4996: 'ctime': This function or variable may be unsafe. Consider using ctime_s instead. To disable deprecation, use _CRT_SECURE_NO_WARNINGS. See online help for details.
                 C:\Program Files (x86)\Microsoft Visual Studio 10.0\VC\include\time.inl(86) : see declaration of 'ctime'
     1>Keyplayers_GUIDlg.cpp(634): warning C4244: '=' : conversion from 'double' to 'float', possible loss of data
     1>Keyplayers_GUIDlg.cpp(679): warning C4996: 'ctime': This function or variable may be unsafe. Consider using ctime_s instead. To disable deprecation, use _CRT_SECURE_NO_WARNINGS. See online help for details.
                 C:\Program Files (x86)\Microsoft Visual Studio 10.0\VC\include\time.inl(86) : see declaration of 'ctime'
     1>Keyplayers_GUIDlg.cpp(743): warning C4996: 'ctime': This function or variable may be unsafe. Consider using ctime_s instead. To disable deprecation, use _CRT_SECURE_NO_WARNINGS. See online help for details.
                 C:\Program Files (x86)\Microsoft Visual Studio 10.0\VC\include\time.inl(86) : see declaration of 'ctime'
     1>Keyplayers_GUIDlg.cpp(747): warning C4244: '=' : conversion from 'double' to 'float', possible loss of data
     1>Keyplayers_GUIDlg.cpp(795): warning C4996: 'ctime': This function or variable may be unsafe. Consider using ctime_s instead. To disable deprecation, use _CRT_SECURE_NO_WARNINGS. See online help for details.
                 C:\Program Files (x86)\Microsoft Visual Studio 10.0\VC\include\time.inl(86) : see declaration of 'ctime'
       ResourceCompile:
         C:\Program Files (x86)\Microsoft SDKs\Windows\v7.0A\bin\rc.exe /D NDEBUG /D _UNICODE /D UNICODE /l"0x0409" /IRelease\ /nologo /fo"Release\Keyplayers_GUI.res" Keyplayers_GUI.rc 
       Link:
         C:\Program Files (x86)\Microsoft Visual Studio 10.0\VC\bin\link.exe /ERRORREPORT:PROMPT /OUT:"E:\DATA\Study\social network\Coding\BAO CAO\Source Code\Keyplayers_GUI\Release\Keyplayers_GUI.exe" /INCREMENTAL:NO /NOLOGO /MANIFEST /ManifestFile:"Release\Keyplayers_GUI.exe.intermediate.manifest" /MANIFESTUAC:"level='asInvoker' uiAccess='false'" /DEBUG /PDB:"E:\DATA\Study\social network\Coding\BAO CAO\Source Code\Keyplayers_GUI\Release\Keyplayers_GUI.pdb" /SUBSYSTEM:WINDOWS /OPT:REF /OPT:ICF /LTCG /TLBID:1 /ENTRY:"wWinMainCRTStartup" /DYNAMICBASE /NXCOMPAT /IMPLIB:"E:\DATA\Study\social network\Coding\BAO CAO\Source Code\Keyplayers_GUI\Release\Keyplayers_GUI.lib" /MACHINE:X86 Release\Keyplayers_GUI.res
         Release\Keyplayers_GUI.obj
         Release\Keyplayers_GUIDlg.obj
         Release\stdafx.obj
         Generating code
         Finished generating code
         Keyplayers_GUI.vcxproj -> E:\DATA\Study\social network\Coding\BAO CAO\Source Code\Keyplayers_GUI\Release\Keyplayers_GUI.exe
       Manifest:
         C:\Program Files (x86)\Microsoft SDKs\Windows\v7.0A\bin\mt.exe /nologo /verbose /outputresource:"E:\DATA\Study\social network\Coding\BAO CAO\Source Code\Keyplayers_GUI\Release\Keyplayers_GUI.exe;#1" /manifest Release\Keyplayers_GUI.exe.intermediate.manifest "C:\Program Files (x86)\Microsoft Visual Studio 10.0\VC\Include\Manifest\dpiaware.manifest"
       FinalizeBuildStatus:
         Deleting file "Release\Keyplayers_GUI.unsuccessfulbuild".
         Touching "Release\Keyplayers_GUI.lastbuildstate".
     1>Done Building Project "E:\DATA\Study\social network\Coding\BAO CAO\Source Code\Keyplayers_GUI\Keyplayers_GUI\Keyplayers_GUI.vcxproj" (build target(s)).

Build succeeded.

Time Elapsed 00:00:37.05
